<?xml version="1.0" encoding="UTF-8"?>
<!-- Generated by org.testng.reporters.JUnitXMLReporter -->
<testsuite ignored="0" hostname="LAPTOP-I0DQ47E8" failures="2" tests="7" name=" TutorialNinja Tests" time="21.333" errors="0" timestamp="2024-02-01T15:55:07 IST">
  <testcase classname="com.tutorialsninja.qa.testcases.login" name="verifyLoginWithValidCred" time="0.774"/>
  <testcase classname="com.tutorialsninja.qa.testcases.login" name="verifyLoginWithInValidCred" time="0.328">
    <failure type="java.lang.IllegalArgumentException" message="Keys to send should be a not null CharSequence">
      <![CDATA[java.lang.IllegalArgumentException: Keys to send should be a not null CharSequence
at org.openqa.selenium.remote.RemoteWebElement.sendKeys(RemoteWebElement.java:96)
at com.tutorialsninja.qa.testcases.login.verifyLoginWithInValidCred(login.java:59)
at java.base/java.util.ArrayList.forEach(ArrayList.java:1511)
... Removed 27 stack frames]]>
    </failure>
  </testcase> <!-- verifyLoginWithInValidCred -->
  <testcase classname="com.tutorialsninja.qa.testcases.Register" name="verifyingWithoutFillingAllFields" time="0.296">
    <failure type="junit.framework.AssertionFailedError" message="expected:&amp;lt;[[ChromeDriver: chrome on windows (15220635a69b5d78b0bdfe79678010da)] -&amp;gt; id: input-firstname]&amp;gt; but was:&amp;lt;First Name must be between 1 and 32 characters!&amp;gt;">
      <![CDATA[junit.framework.AssertionFailedError: expected:<[[ChromeDriver: chrome on windows (15220635a69b5d78b0bdfe79678010da)] -> id: input-firstname]> but was:<First Name must be between 1 and 32 characters!>
at junit.framework.Assert.fail(Assert.java:47)
at junit.framework.Assert.failNotEquals(Assert.java:282)
at junit.framework.Assert.assertEquals(Assert.java:64)
at junit.framework.Assert.assertEquals(Assert.java:71)
at com.tutorialsninja.qa.testcases.Register.verifyingWithoutFillingAllFields(Register.java:112)
at java.base/java.util.ArrayList.forEach(ArrayList.java:1511)
... Removed 27 stack frames]]>
    </failure>
  </testcase> <!-- verifyingWithoutFillingAllFields -->
  <testcase classname="com.tutorialsninja.qa.testcases.Register" name="verifyingAllFields" time="0.691"/>
  <testcase classname="com.tutorialsninja.qa.testcases.Search" name="verifySearchWithValidProduct" time="0.447"/>
  <testcase classname="com.tutorialsninja.qa.testcases.Search" name="verifySearchWithNonExistingProduct" time="0.404"/>
  <testcase classname="com.tutorialsninja.qa.testcases.Search" name="verifyingSearchWithoutProvidingName" time="0.37"/>
</testsuite> <!--  TutorialNinja Tests -->
